<?xml version="1.0" encoding="UTF-8"?>
<testng-results ignored="0" total="1" passed="1" failed="0" skipped="0">
  <reporter-output>
    <line>
      <![CDATA[hello]]>
    </line>
  </reporter-output>
  <suite started-at="2024-12-27T10:45:58 IST" name="Suite" finished-at="2024-12-27T10:45:58 IST" duration-ms="95">
    <groups>
    </groups>
    <test started-at="2024-12-27T10:45:58 IST" name="Test" finished-at="2024-12-27T10:45:58 IST" duration-ms="95">
      <class name="com.crm.testscripts.CreateCompaign">
        <test-method signature="createCompain()[pri:0, instance:com.crm.testscripts.CreateCompaign@71d44a3]" started-at="2024-12-27T10:45:58 IST" name="createCompain" finished-at="2024-12-27T10:45:58 IST" duration-ms="23" status="PASS">
          <reporter-output>
            <line>
              <![CDATA[hello]]>
            </line>
          </reporter-output>
        </test-method> <!-- createCompain -->
      </class> <!-- com.crm.testscripts.CreateCompaign -->
    </test> <!-- Test -->
  </suite> <!-- Suite -->
</testng-results>
